<?xml version="1.0" encoding="UTF-8" standalone="yes"?>
<Document>
  <FIToFICstmrCdtTrf>
    <GrpHdr>
      <MsgId>123456789</MsgId>
      <CreDtTm>2025-09-20T09:40:37.490Z</CreDtTm>
    </GrpHdr>
    <CdtTrfTxInf>
      <PmtId>
        <InstrId>MT-InstrId</InstrId>
        <EndToEndId>MT-EndToEndId</EndToEndId>
      </PmtId>
      <Amt>
        <InstdAmt>
          50000.00
          <Ccy>PKR</Ccy>
        </InstdAmt>
      </Amt>
      <Cdtr>
        <Nm>Beneficiary Name</Nm>
      </Cdtr>
    </CdtTrfTxInf>
  </FIToFICstmrCdtTrf>
</Document>